<?xml version="1.0" encoding="UTF-8"?>
<!-- Generated by org.testng.reporters.JUnitXMLReporter -->
<testsuite ignored="0" hostname="DESKTOP-9HVER1J" failures="0" tests="5" name="Default test" time="13.273" errors="0" timestamp="2022-08-12T00:02:21 IST">
  <testcase classname="testcase.SauceLoginPageTest" name="Login" time="0.503"/>
  <testcase classname="testcase.SauceLoginPageTest" name="productSearchByHighToLowPrice" time="0.141"/>
  <testcase classname="testcase.SauceLoginPageTest" name="selectProductByName" time="0.215"/>
  <testcase classname="testcase.SauceLoginPageTest" name="selectProductByName" time="0.214"/>
  <testcase classname="testcase.SauceLoginPageTest" name="proceedeForPurchase" time="1.071"/>
</testsuite> <!-- Default test -->
