<?xml version="1.0" encoding="UTF-8"?>
<!-- Generated by org.testng.reporters.JUnitXMLReporter -->
<testsuite ignored="0" hostname="DESKTOP-9HVER1J" failures="0" tests="6" name="Default test" time="10.441" errors="0" timestamp="2022-08-13T15:38:46 IST">
  <testcase classname="testcase.SauceLoginPageTest" name="Login" time="0.587"/>
  <testcase classname="testcase.SauceLoginPageTest" name="Login" time="0.432"/>
  <testcase classname="testcase.SauceLoginPageTest" name="selectProductByName" time="0.439"/>
  <testcase classname="testcase.SauceLoginPageTest" name="selectProductByName" time="0.358"/>
  <testcase classname="testcase.SauceLoginPageTest" name="proceedeForPurchase" time="0.729"/>
  <testcase classname="testcase.SauceLoginPageTest" name="logout" time="0.213"/>
</testsuite> <!-- Default test -->
