<?xml version="1.0" encoding="UTF-8"?>
<!-- Generated by org.testng.reporters.JUnitXMLReporter -->
<testsuite ignored="0" hostname="DESKTOP-9HVER1J" failures="0" tests="5" name="Test" time="11.894" errors="0" timestamp="2022-08-12T00:03:10 IST">
  <testcase classname="testcase.SauceLoginPageTest" name="Login" time="0.411"/>
  <testcase classname="testcase.SauceLoginPageTest" name="productSearchByHighToLowPrice" time="0.193"/>
  <testcase classname="testcase.SauceLoginPageTest" name="selectProductByName" time="0.236"/>
  <testcase classname="testcase.SauceLoginPageTest" name="selectProductByName" time="0.235"/>
  <testcase classname="testcase.SauceLoginPageTest" name="proceedeForPurchase" time="0.638"/>
</testsuite> <!-- Test -->
