<?xml version="1.0" encoding="UTF-8"?>
<!-- Generated by org.testng.reporters.JUnitXMLReporter -->
<testsuite ignored="0" hostname="DESKTOP-9HVER1J" failures="0" tests="6" name="Test" time="12.362" errors="0" timestamp="2022-08-13T15:37:11 IST">
  <testcase classname="testcase.SauceLoginPageTest" name="Login" time="0.656"/>
  <testcase classname="testcase.SauceLoginPageTest" name="Login" time="0.377"/>
  <testcase classname="testcase.SauceLoginPageTest" name="selectProductByName" time="0.483"/>
  <testcase classname="testcase.SauceLoginPageTest" name="selectProductByName" time="0.368"/>
  <testcase classname="testcase.SauceLoginPageTest" name="proceedeForPurchase" time="0.685"/>
  <testcase classname="testcase.SauceLoginPageTest" name="logout" time="0.232"/>
</testsuite> <!-- Test -->
