<?xml version="1.0" encoding="UTF-8"?>
<testng-results ignored="0" total="5" passed="5" failed="0" skipped="0">
  <reporter-output>
  </reporter-output>
  <suite started-at="2022-08-11T16:19:56 IST" name="Suite" finished-at="2022-08-11T16:20:05 IST" duration-ms="8650">
    <groups>
    </groups>
    <test started-at="2022-08-11T16:19:56 IST" name="Test" finished-at="2022-08-11T16:20:05 IST" duration-ms="8650">
      <class name="testcase.SauceLoginPageTest">
        <test-method is-config="true" signature="launchBrowser()[pri:0, instance:testcase.SauceLoginPageTest@2d901eb0]" started-at="2022-08-11T16:19:56 IST" name="launchBrowser" finished-at="2022-08-11T16:20:01 IST" duration-ms="5207" status="PASS">
          <reporter-output>
          </reporter-output>
        </test-method> <!-- launchBrowser -->
        <test-method signature="Login(java.lang.String,java.lang.String,java.lang.String)[pri:0, instance:testcase.SauceLoginPageTest@2d901eb0]" started-at="2022-08-11T16:20:03 IST" name="Login" data-provider="userLoginCredentials" finished-at="2022-08-11T16:20:03 IST" duration-ms="561" status="PASS">
          <params>
            <param index="0">
              <value>
                <![CDATA[invalid]]>
              </value>
            </param>
            <param index="1">
              <value>
                <![CDATA[performance_glitc_user]]>
              </value>
            </param>
            <param index="2">
              <value>
                <![CDATA[secret_sauce]]>
              </value>
            </param>
          </params>
          <reporter-output>
          </reporter-output>
        </test-method> <!-- Login -->
        <test-method signature="Login(java.lang.String,java.lang.String,java.lang.String)[pri:0, instance:testcase.SauceLoginPageTest@2d901eb0]" started-at="2022-08-11T16:20:03 IST" name="Login" data-provider="userLoginCredentials" finished-at="2022-08-11T16:20:04 IST" duration-ms="406" status="PASS">
          <params>
            <param index="0">
              <value>
                <![CDATA[invalid]]>
              </value>
            </param>
            <param index="1">
              <value>
                <![CDATA[locked_out_use]]>
              </value>
            </param>
            <param index="2">
              <value>
                <![CDATA[secret_sauce]]>
              </value>
            </param>
          </params>
          <reporter-output>
          </reporter-output>
        </test-method> <!-- Login -->
        <test-method signature="Login(java.lang.String,java.lang.String,java.lang.String)[pri:0, instance:testcase.SauceLoginPageTest@2d901eb0]" started-at="2022-08-11T16:20:04 IST" name="Login" data-provider="userLoginCredentials" finished-at="2022-08-11T16:20:04 IST" duration-ms="409" status="PASS">
          <params>
            <param index="0">
              <value>
                <![CDATA[invalid]]>
              </value>
            </param>
            <param index="1">
              <value>
                <![CDATA[problm_user]]>
              </value>
            </param>
            <param index="2">
              <value>
                <![CDATA[secret_sauce]]>
              </value>
            </param>
          </params>
          <reporter-output>
          </reporter-output>
        </test-method> <!-- Login -->
        <test-method signature="Login(java.lang.String,java.lang.String,java.lang.String)[pri:0, instance:testcase.SauceLoginPageTest@2d901eb0]" started-at="2022-08-11T16:20:04 IST" name="Login" data-provider="userLoginCredentials" finished-at="2022-08-11T16:20:04 IST" duration-ms="354" status="PASS">
          <params>
            <param index="0">
              <value>
                <![CDATA[valid]]>
              </value>
            </param>
            <param index="1">
              <value>
                <![CDATA[standard_user]]>
              </value>
            </param>
            <param index="2">
              <value>
                <![CDATA[secret_sauce]]>
              </value>
            </param>
          </params>
          <reporter-output>
          </reporter-output>
        </test-method> <!-- Login -->
        <test-method signature="productSearchByHighToLowPrice()[pri:0, instance:testcase.SauceLoginPageTest@2d901eb0]" started-at="2022-08-11T16:20:04 IST" name="productSearchByHighToLowPrice" finished-at="2022-08-11T16:20:05 IST" duration-ms="238" status="PASS">
          <reporter-output>
          </reporter-output>
        </test-method> <!-- productSearchByHighToLowPrice -->
        <test-method is-config="true" signature="tearDown()[pri:0, instance:testcase.SauceLoginPageTest@2d901eb0]" started-at="2022-08-11T16:20:05 IST" name="tearDown" finished-at="2022-08-11T16:20:05 IST" duration-ms="95" status="PASS">
          <reporter-output>
          </reporter-output>
        </test-method> <!-- tearDown -->
      </class> <!-- testcase.SauceLoginPageTest -->
    </test> <!-- Test -->
  </suite> <!-- Suite -->
</testng-results>
