<?xml version="1.0" encoding="UTF-8"?>
<testng-results ignored="0" total="5" passed="5" failed="0" skipped="0">
  <reporter-output>
  </reporter-output>
  <suite started-at="2022-08-12T00:02:58 IST" name="Suite" finished-at="2022-08-12T00:03:10 IST" duration-ms="11894">
    <groups>
    </groups>
    <test started-at="2022-08-12T00:02:58 IST" name="Test" finished-at="2022-08-12T00:03:10 IST" duration-ms="11894">
      <class name="testcase.SauceLoginPageTest">
        <test-method is-config="true" signature="launchBrowser()[pri:0, instance:testcase.SauceLoginPageTest@3f191845]" started-at="2022-08-12T00:02:58 IST" name="launchBrowser" finished-at="2022-08-12T00:03:07 IST" duration-ms="9157" status="PASS">
          <reporter-output>
          </reporter-output>
        </test-method> <!-- launchBrowser -->
        <test-method signature="Login(java.lang.String,java.lang.String,java.lang.String)[pri:0, instance:testcase.SauceLoginPageTest@3f191845]" started-at="2022-08-12T00:03:08 IST" name="Login" data-provider="basedata" finished-at="2022-08-12T00:03:09 IST" duration-ms="411" status="PASS">
          <params>
            <param index="0">
              <value>
                <![CDATA[valid]]>
              </value>
            </param>
            <param index="1">
              <value>
                <![CDATA[standard_user]]>
              </value>
            </param>
            <param index="2">
              <value>
                <![CDATA[secret_sauce]]>
              </value>
            </param>
          </params>
          <reporter-output>
          </reporter-output>
        </test-method> <!-- Login -->
        <test-method signature="productSearchByHighToLowPrice()[pri:1, instance:testcase.SauceLoginPageTest@3f191845]" started-at="2022-08-12T00:03:09 IST" name="productSearchByHighToLowPrice" finished-at="2022-08-12T00:03:09 IST" duration-ms="193" status="PASS">
          <reporter-output>
          </reporter-output>
        </test-method> <!-- productSearchByHighToLowPrice -->
        <test-method signature="selectProductByName(java.lang.String)[pri:2, instance:testcase.SauceLoginPageTest@3f191845]" started-at="2022-08-12T00:03:09 IST" name="selectProductByName" data-provider="basedata" finished-at="2022-08-12T00:03:09 IST" duration-ms="236" status="PASS">
          <params>
            <param index="0">
              <value>
                <![CDATA[Sauce Labs Backpack]]>
              </value>
            </param>
          </params>
          <reporter-output>
          </reporter-output>
        </test-method> <!-- selectProductByName -->
        <test-method signature="selectProductByName(java.lang.String)[pri:2, instance:testcase.SauceLoginPageTest@3f191845]" started-at="2022-08-12T00:03:09 IST" name="selectProductByName" data-provider="basedata" finished-at="2022-08-12T00:03:10 IST" duration-ms="235" status="PASS">
          <params>
            <param index="0">
              <value>
                <![CDATA[Sauce Labs Fleece Jacket]]>
              </value>
            </param>
          </params>
          <reporter-output>
          </reporter-output>
        </test-method> <!-- selectProductByName -->
        <test-method signature="proceedeForPurchase()[pri:4, instance:testcase.SauceLoginPageTest@3f191845]" started-at="2022-08-12T00:03:10 IST" name="proceedeForPurchase" finished-at="2022-08-12T00:03:10 IST" duration-ms="638" status="PASS">
          <reporter-output>
          </reporter-output>
        </test-method> <!-- proceedeForPurchase -->
        <test-method is-config="true" signature="tearDown()[pri:0, instance:testcase.SauceLoginPageTest@3f191845]" started-at="2022-08-12T00:03:10 IST" name="tearDown" finished-at="2022-08-12T00:03:10 IST" duration-ms="0" status="PASS">
          <reporter-output>
          </reporter-output>
        </test-method> <!-- tearDown -->
      </class> <!-- testcase.SauceLoginPageTest -->
    </test> <!-- Test -->
  </suite> <!-- Suite -->
</testng-results>
